2024-09-02 19:21:35 - RPI Initialization Routine: Running cleanup_leds.py
2024-09-02 14:21:38 - Limpiando pines de GPIO
2024-09-02 14:21:40 - Pines de GPIO limpiados
2024-09-02 19:21:42 - RPI Initialization Routine: Running rpistart.py
2024-09-02 14:21:48 - RPI Initialized.
2024-09-02 19:21:50 - RPI Initialization Routine: Running upload_not_sent_data.py
2024-09-02 14:21:52 - Connecting to the FTP server
2024-09-02 14:21:52 - Connected to the FTP Server
2024-09-02 14:21:52 - Connected to the FTP Server
2024-09-02 14:21:52 - Uploading data (.csv and .jpg)
2024-09-02 14:21:52 - Uploading data (.csv and .jpg)
2024-09-02 19:21:54 - RPI Initialization Routine: Running remove_files.py
2024-09-02 19:21:56 - RPI Initialization Routine: Proceeding to rpi_ftpsensor.py
2024-09-02 19:21:56 - RPI Initialization Routine: Executing rpi_ftpsensor.py
2024-09-02 14:56:26 - Limpiando pines de GPIO
2024-09-02 14:56:28 - Pines de GPIO limpiados
2024-09-02 19:56:30 - RPI Initialization Routine: Running rpistart.py
2024-09-02 14:56:36 - RPI Initialized.
2024-09-02 19:56:38 - RPI Initialization Routine: Running upload_not_sent_data.py
2024-09-02 14:56:39 - Connecting to the FTP server
2024-09-02 14:56:43 - Failed to connect or login to FTP server: [Errno 113] No route to host
2024-09-02 14:56:43 - Failed to connect or login to FTP server: [Errno 113] No route to host
2024-09-02 19:56:50 - RPI Initialization Routine: Running remove_files.py
2024-09-02 19:56:52 - RPI Initialization Routine: Proceeding to rpi_ftpsensor.py
2024-09-02 19:56:52 - RPI Initialization Routine: Executing rpi_ftpsensor.py
2024-09-02 20:10:37 - RPI Initialization Routine: Running cleanup_leds.py
2024-09-02 15:10:41 - Limpiando pines de GPIO
2024-09-02 15:10:43 - Pines de GPIO limpiados
2024-09-02 20:10:45 - RPI Initialization Routine: Running rpistart.py
2024-09-02 15:10:51 - RPI Initialized.
2024-09-02 20:10:53 - RPI Initialization Routine: Running upload_not_sent_data.py
2024-09-02 15:10:54 - Connecting to the FTP server
2024-09-02 15:10:57 - Failed to connect or login to FTP server: [Errno 113] No route to host
2024-09-02 15:10:57 - Failed to connect or login to FTP server: [Errno 113] No route to host
2024-09-02 20:11:04 - RPI Initialization Routine: Running remove_files.py
2024-09-02 20:11:07 - RPI Initialization Routine: Proceeding to rpi_ftpsensor.py
2024-09-02 20:11:07 - RPI Initialization Routine: Executing rpi_ftpsensor.py
2024-09-02 20:14:23 - RPI Initialization Routine: Running cleanup_leds.py
2024-09-02 15:14:26 - Limpiando pines de GPIO
2024-09-02 15:14:28 - Pines de GPIO limpiados
2024-09-02 20:14:30 - RPI Initialization Routine: Running rpistart.py
2024-09-02 15:14:36 - RPI Initialized.
2024-09-02 20:14:38 - RPI Initialization Routine: Running upload_not_sent_data.py
2024-09-02 15:14:40 - Connecting to the FTP server
2024-09-02 15:14:40 - Connected to the FTP Server
2024-09-02 15:14:40 - Connected to the FTP Server
2024-09-02 15:14:40 - Uploading data (.csv and .jpg)
2024-09-02 15:14:40 - Uploading data (.csv and .jpg)
2024-09-02 20:14:42 - RPI Initialization Routine: Running remove_files.py
2024-09-02 20:14:45 - RPI Initialization Routine: Proceeding to rpi_ftpsensor.py
2024-09-02 20:14:45 - RPI Initialization Routine: Executing rpi_ftpsensor.py
2024-09-02 19:00:12 - Cleaning up the GPIO Pins
2024-09-02 19:00:14 - GPIO Cleaned, ready to use
2024-09-02 19:00:21 - Red led blinking
2024-09-02 19:00:21 - RPI Rebooting.
2024-09-02 19:00:31 - Cleaning up the GPIO Pins
2024-09-02 19:00:33 - GPIO Cleaned, ready to use
2024-09-02 19:00:36 - Starting with the LEDs
2024-09-02 19:00:42 - RPI Initialized.
2024-09-02 19:00:45 - Connecting to the FTP server
2024-09-02 19:00:45 - Connected to the FTP Server
2024-09-02 19:00:45 - Connected to the FTP Server
2024-09-02 19:00:45 - Uploading data (.csv and .jpg)
2024-09-02 19:00:45 - Uploading data (.csv and .jpg)
2024-09-02 19:00:45 - All files have been uploaded successfully.
2024-09-02 19:00:45 - All files have been uploaded successfully.
2024-09-02 19:00:45 - All files have been uploaded successfully.
2024-09-02 19:00:45 - Removing data from the failed directory
2024-09-02 19:00:45 - Removing data from the failed directory
2024-09-02 19:00:45 - Removing data from the failed directory
2024-09-02 19:00:45 - No files to remove. The failed_upload_dir is empty.
2024-09-02 19:00:45 - No files to remove. The failed_upload_dir is empty.
2024-09-02 19:00:45 - No files to remove. The failed_upload_dir is empty.
2024-09-02 19:00:45 - No files to remove. The failed_upload_dir is empty.
2024-09-02 19:00:45 - FTP connection closed.
2024-09-02 19:00:45 - FTP connection closed.
2024-09-02 19:00:45 - FTP connection closed.
2024-09-02 19:00:45 - FTP connection closed.
