2024-09-03 16:35:48 - RPI Initialization Routine: Opening /home/pi/logs/boot_log/boot_log.log to save it
2024-09-03 16:35:48 - RPI Initialization Routine: Opening /home/pi/logs/boot_log/boot_log.log to save it
2024-09-03 16:35:48 - RPI Initialization Routine: There's only one unique date in /home/pi/logs/boot_log/boot_log.log file. Nothing done
2024-09-03 16:35:48 - RPI Initialization Routine: There's only one unique date in /home/pi/logs/boot_log/boot_log.log file. Nothing done
2024-09-03 16:35:48 - RPI Initialization Routine: Opening /home/pi/logs/rpisensor/rpisensor.log to save it
2024-09-03 16:35:48 - RPI Initialization Routine: Opening /home/pi/logs/rpisensor/rpisensor.log to save it
2024-09-03 16:35:48 - RPI Initialization Routine: Opening /home/pi/logs/rpisensor/rpisensor.log to save it
2024-09-03 16:35:48 - RPI Initialization Routine: There's only one unique date in /home/pi/logs/rpisensor/rpisensor.log file. Nothing done
2024-09-03 16:35:48 - RPI Initialization Routine: There's only one unique date in /home/pi/logs/rpisensor/rpisensor.log file. Nothing done
2024-09-03 16:35:48 - RPI Initialization Routine: There's only one unique date in /home/pi/logs/rpisensor/rpisensor.log file. Nothing done
2024-09-03 16:35:48 - RPI Initialization Routine: Opening /home/pi/logs/log_rpiftpsensor/log_rpiftpsensor.log to save it
2024-09-03 16:35:48 - RPI Initialization Routine: Opening /home/pi/logs/log_rpiftpsensor/log_rpiftpsensor.log to save it
2024-09-03 16:35:48 - RPI Initialization Routine: Opening /home/pi/logs/log_rpiftpsensor/log_rpiftpsensor.log to save it
2024-09-03 16:35:48 - RPI Initialization Routine: Opening /home/pi/logs/log_rpiftpsensor/log_rpiftpsensor.log to save it
2024-09-03 16:35:48 - RPI Initialization Routine: There's only one unique date in /home/pi/logs/log_rpiftpsensor/log_rpiftpsensor.log file. Nothing done
2024-09-03 16:35:48 - RPI Initialization Routine: There's only one unique date in /home/pi/logs/log_rpiftpsensor/log_rpiftpsensor.log file. Nothing done
2024-09-03 16:35:48 - RPI Initialization Routine: There's only one unique date in /home/pi/logs/log_rpiftpsensor/log_rpiftpsensor.log file. Nothing done
2024-09-03 16:35:48 - RPI Initialization Routine: There's only one unique date in /home/pi/logs/log_rpiftpsensor/log_rpiftpsensor.log file. Nothing done
2024-09-03 16:35:48 - RPI Initialization Routine: Opening /home/pi/logs/split_logs/split_logs.log to save it
2024-09-03 16:35:48 - RPI Initialization Routine: Opening /home/pi/logs/split_logs/split_logs.log to save it
2024-09-03 16:35:48 - RPI Initialization Routine: Opening /home/pi/logs/split_logs/split_logs.log to save it
2024-09-03 16:35:48 - RPI Initialization Routine: Opening /home/pi/logs/split_logs/split_logs.log to save it
2024-09-03 16:35:48 - RPI Initialization Routine: Opening /home/pi/logs/split_logs/split_logs.log to save it
2024-09-03 16:35:48 - RPI Initialization Routine: There's only one unique date in /home/pi/logs/split_logs/split_logs.log file. Nothing done
2024-09-03 16:35:48 - RPI Initialization Routine: There's only one unique date in /home/pi/logs/split_logs/split_logs.log file. Nothing done
2024-09-03 16:35:48 - RPI Initialization Routine: There's only one unique date in /home/pi/logs/split_logs/split_logs.log file. Nothing done
2024-09-03 16:35:48 - RPI Initialization Routine: There's only one unique date in /home/pi/logs/split_logs/split_logs.log file. Nothing done
2024-09-03 16:35:48 - RPI Initialization Routine: There's only one unique date in /home/pi/logs/split_logs/split_logs.log file. Nothing done
