2024-08-16 17:53:26 - Connected to the FTP Server
2024-08-16 17:53:26 - Starting the data/photo loop
2024-08-16 17:53:26 - Starting meassure
2024-08-16 17:53:26 - Cámara Inicializada
2024-08-16 17:53:26 - Iniciando toma de foto y datos de la muestra
2024-08-16 17:53:27 - Datos tomados
2024-08-16 17:53:29 - Foto tomada
2024-08-16 17:53:29 - Juego de luces
2024-08-16 17:53:31 - Mostrando datos a continuación
2024-08-16 17:53:31 - The last jpg file is /home/pi/SpeGDet/DataMeassures/TestMeassures/foto_16082024_125327.jpg
2024-08-16 17:53:31 - The last csv file is /home/pi/SpeGDet/DataMeassures/TestMeassures/data_proto2_16082024_125327.csv
2024-08-16 17:53:31 - Foto subida
2024-08-16 17:53:31 - CSV subiido
2024-08-16 17:53:41 - Starting meassure
2024-08-16 17:53:41 - Cámara Inicializada
2024-08-16 17:53:41 - Iniciando toma de foto y datos de la muestra
2024-08-16 17:53:42 - Datos tomados
2024-08-16 17:53:43 - Foto tomada
2024-08-16 17:53:43 - Juego de luces
2024-08-16 17:53:45 - Mostrando datos a continuación
2024-08-16 17:53:45 - The last jpg file is /home/pi/SpeGDet/DataMeassures/TestMeassures/foto_16082024_125342.jpg
2024-08-16 17:53:45 - The last csv file is /home/pi/SpeGDet/DataMeassures/TestMeassures/data_proto2_16082024_125342.csv
2024-08-16 17:53:45 - Foto subida
2024-08-16 17:53:45 - CSV subiido
2024-08-16 17:53:48 - Script interrumpido por el usuario (CTRL+C).
2024-08-16 17:53:48 - Connection closed
2024-08-16 17:56:16 - Connected to the FTP Server
2024-08-16 17:56:16 - Starting the data/photo loop
2024-08-16 17:56:16 - Starting meassure
2024-08-16 17:56:16 - Cámara Inicializada
2024-08-16 17:56:16 - Iniciando toma de foto y datos de la muestra
2024-08-16 17:56:17 - Datos tomados
2024-08-16 17:56:19 - Foto tomada
2024-08-16 17:56:19 - Juego de luces
2024-08-16 17:56:20 - Mostrando datos a continuación
2024-08-16 17:56:20 - The last jpg file is /home/pi/SpeGDet/DataMeassures/TestMeassures/foto_16082024_125617.jpg
2024-08-16 17:56:20 - The last csv file is /home/pi/SpeGDet/DataMeassures/TestMeassures/data_proto2_16082024_125617.csv
2024-08-16 17:56:20 - Foto subida
2024-08-16 17:56:20 - CSV subiido
2024-08-16 17:56:30 - Starting meassure
2024-08-16 17:56:30 - Cámara Inicializada
2024-08-16 17:56:30 - Iniciando toma de foto y datos de la muestra
2024-08-16 17:56:32 - Datos tomados
2024-08-16 17:56:33 - Foto tomada
2024-08-16 17:56:33 - Juego de luces
2024-08-16 17:56:34 - Mostrando datos a continuación
2024-08-16 17:56:34 - The last jpg file is /home/pi/SpeGDet/DataMeassures/TestMeassures/foto_16082024_125632.jpg
2024-08-16 17:56:34 - The last csv file is /home/pi/SpeGDet/DataMeassures/TestMeassures/data_proto2_16082024_125632.csv
2024-08-16 17:56:34 - Foto subida
2024-08-16 17:56:34 - CSV subiido
2024-08-16 17:56:42 - Script interrumpido por el usuario (CTRL+C).
2024-08-16 17:56:42 - Connection closed
